app/build/outputs/logs/manifest-merger-debug-report.txt
-- Merging decision tree log ---
manifest
ADDED from src\main\AndroidManifest.xml:2:1-72:12
INJECTED from src\main\AndroidManifest.xml:2:1-72:12
INJECTED from src\main\AndroidManifest.xml:2:1-72:12
INJECTED from src\main\AndroidManifest.xml:2:1-72:12
MERGED from [com.android.support:design:23.1.1] AndroidManifest.xml:17:1-24:12
MERGED from [com.android.support:appcompat-v7:23.1.1] AndroidManifest.xml:17:1-24:12
MERGED from [com.android.support:recyclerview-v7:23.1.1] AndroidManifest.xml:17:1-22:12
MERGED from [com.android.support:support-v4:23.1.1] AndroidManifest.xml:17:1-24:12
INJECTED from src\main\AndroidManifest.xml:2:1-72:12
INJECTED from src\main\AndroidManifest.xml:2:1-72:12
INJECTED from src\main\AndroidManifest.xml:2:1-72:12
	package
		ADDED from src\main\AndroidManifest.xml:2:11-51
		INJECTED from src\main\AndroidManifest.xml
		INJECTED from src\main\AndroidManifest.xml
	android:versionName
		INJECTED from src\main\AndroidManifest.xml
		ADDED from src\main\AndroidManifest.xml:2:1-72:12
		INJECTED from src\main\AndroidManifest.xml
	android:versionCode
		INJECTED from src\main\AndroidManifest.xml
		ADDED from src\main\AndroidManifest.xml:2:1-72:12
		INJECTED from src\main\AndroidManifest.xml
	xmlns:android
		ADDED from src\main\AndroidManifest.xml:3:11-69
application
ADDED from src\main\AndroidManifest.xml:5:3-70:17
MERGED from [com.android.support:design:23.1.1] AndroidManifest.xml:22:5-20
MERGED from [com.android.support:design:23.1.1] AndroidManifest.xml:22:5-20
MERGED from [com.android.support:appcompat-v7:23.1.1] AndroidManifest.xml:22:5-20
MERGED from [com.android.support:appcompat-v7:23.1.1] AndroidManifest.xml:22:5-20
MERGED from [com.android.support:support-v4:23.1.1] AndroidManifest.xml:22:5-20
MERGED from [com.android.support:support-v4:23.1.1] AndroidManifest.xml:22:5-20
	android:supportsRtl
		ADDED from src\main\AndroidManifest.xml:9:7-33
	android:label
		ADDED from src\main\AndroidManifest.xml:8:7-39
	android:icon
		ADDED from src\main\AndroidManifest.xml:7:7-41
	android:allowBackup
		ADDED from src\main\AndroidManifest.xml:6:7-33
	android:theme
		ADDED from src\main\AndroidManifest.xml:10:7-38
activity#com.raywenderlich.rocketlaunch.ListActivity
ADDED from src\main\AndroidManifest.xml:12:5-20:16
	android:label
		ADDED from src\main\AndroidManifest.xml:14:9-41
	android:name
		ADDED from src\main\AndroidManifest.xml:13:9-37
intent-filter#android.intent.action.MAIN+android.intent.category.LAUNCHER
ADDED from src\main\AndroidManifest.xml:15:7-19:23
action#android.intent.action.MAIN
ADDED from src\main\AndroidManifest.xml:16:9-60
	android:name
		ADDED from src\main\AndroidManifest.xml:16:17-58
category#android.intent.category.LAUNCHER
ADDED from src\main\AndroidManifest.xml:18:9-68
	android:name
		ADDED from src\main\AndroidManifest.xml:18:19-66
activity#com.raywenderlich.rocketlaunch.animationactivities.NoAnimationActivity
ADDED from src\main\AndroidManifest.xml:22:5-24:43
	android:label
		ADDED from src\main\AndroidManifest.xml:24:9-41
	android:name
		ADDED from src\main\AndroidManifest.xml:23:9-94
activity#com.raywenderlich.rocketlaunch.animationactivities.LaunchRocketValueAnimatorAnimationActivity
ADDED from src\main\AndroidManifest.xml:26:5-28:43
	android:label
		ADDED from src\main\AndroidManifest.xml:28:9-41
	android:name
		ADDED from src\main\AndroidManifest.xml:27:9-87
activity#com.raywenderlich.rocketlaunch.animationactivities.RotateRocketAnimationActivity
ADDED from src\main\AndroidManifest.xml:30:5-32:43
	android:label
		ADDED from src\main\AndroidManifest.xml:32:9-41
	android:name
		ADDED from src\main\AndroidManifest.xml:31:9-104
activity#com.raywenderlich.rocketlaunch.animationactivities.AccelerateRocketAnimationActivity
ADDED from src\main\AndroidManifest.xml:34:5-36:43
	android:label
		ADDED from src\main\AndroidManifest.xml:36:9-41
	android:name
		ADDED from src\main\AndroidManifest.xml:35:9-108
activity#com.raywenderlich.rocketlaunch.animationactivities.LaunchRocketObjectAnimatorAnimationActivity
ADDED from src\main\AndroidManifest.xml:38:5-40:43
	android:label
		ADDED from src\main\AndroidManifest.xml:40:9-41
	android:name
		ADDED from src\main\AndroidManifest.xml:39:9-88
activity#com.raywenderlich.rocketlaunch.animationactivities.ColorAnimationActivity
ADDED from src\main\AndroidManifest.xml:42:5-44:43
	android:label
		ADDED from src\main\AndroidManifest.xml:44:9-41
	android:name
		ADDED from src\main\AndroidManifest.xml:43:9-67
activity#com.raywenderlich.rocketlaunch.animationactivities.LaunchAndSpinAnimatorSetAnimatorActivity
ADDED from src\main\AndroidManifest.xml:46:5-48:43
	android:label
		ADDED from src\main\AndroidManifest.xml:48:9-41
	android:name
		ADDED from src\main\AndroidManifest.xml:47:9-85
activity#com.raywenderlich.rocketlaunch.animationactivities.LaunchAndSpinViewPropertyAnimatorAnimationActivity
ADDED from src\main\AndroidManifest.xml:50:5-52:43
	android:label
		ADDED from src\main\AndroidManifest.xml:52:9-41
	android:name
		ADDED from src\main\AndroidManifest.xml:51:9-95
activity#com.raywenderlich.rocketlaunch.animationactivities.FlyWithDogeAnimationActivity
ADDED from src\main\AndroidManifest.xml:54:5-56:43
	android:label
		ADDED from src\main\AndroidManifest.xml:56:9-41
	android:name
		ADDED from src\main\AndroidManifest.xml:55:9-103
activity#com.raywenderlich.rocketlaunch.animationactivities.WithListenerAnimationActivity
ADDED from src\main\AndroidManifest.xml:58:5-60:43
	android:label
		ADDED from src\main\AndroidManifest.xml:60:9-41
	android:name
		ADDED from src\main\AndroidManifest.xml:59:9-104
activity#com.raywenderlich.rocketlaunch.animationactivities.FlyThereAndBackAnimationActivity
ADDED from src\main\AndroidManifest.xml:62:5-64:43
	android:label
		ADDED from src\main\AndroidManifest.xml:64:9-41
	android:name
		ADDED from src\main\AndroidManifest.xml:63:9-107
activity#com.raywenderlich.rocketlaunch.animationactivities.XmlAnimationActivity
ADDED from src\main\AndroidManifest.xml:66:5-68:43
	android:label
		ADDED from src\main\AndroidManifest.xml:68:9-41
	android:name
		ADDED from src\main\AndroidManifest.xml:67:9-95
uses-sdk
INJECTED from src\main\AndroidManifest.xml reason: use-sdk injection requested
INJECTED from src\main\AndroidManifest.xml
INJECTED from src\main\AndroidManifest.xml
MERGED from [com.android.support:design:23.1.1] AndroidManifest.xml:20:5-43
MERGED from [com.android.support:design:23.1.1] AndroidManifest.xml:20:5-43
MERGED from [com.android.support:appcompat-v7:23.1.1] AndroidManifest.xml:20:5-43
MERGED from [com.android.support:appcompat-v7:23.1.1] AndroidManifest.xml:20:5-43
MERGED from [com.android.support:recyclerview-v7:23.1.1] AndroidManifest.xml:20:5-43
MERGED from [com.android.support:recyclerview-v7:23.1.1] AndroidManifest.xml:20:5-43
MERGED from [com.android.support:support-v4:23.1.1] AndroidManifest.xml:20:5-43
MERGED from [com.android.support:support-v4:23.1.1] AndroidManifest.xml:20:5-43
INJECTED from src\main\AndroidManifest.xml
INJECTED from src\main\AndroidManifest.xml
	android:targetSdkVersion
		INJECTED from src\main\AndroidManifest.xml
		ADDED from src\main\AndroidManifest.xml
		INJECTED from src\main\AndroidManifest.xml
	android:minSdkVersion
		INJECTED from src\main\AndroidManifest.xml
		ADDED from src\main\AndroidManifest.xml
		INJECTED from src\main\AndroidManifest.xml